<?xml version="1.0" encoding="UTF-8"?>
<testsuite xmlns:xsi="http://www.w3.org/2001/XMLSchema-instance" xsi:noNamespaceSchemaLocation="https://maven.apache.org/surefire/maven-surefire-plugin/xsd/surefire-test-report.xsd" name="lt.mikasdu.ValidatorTest" time="0.001" tests="6" errors="0" skipped="0" failures="0">
  <properties>
[...]
</properties>
  <testcase name="validatorStringValidEmpty" classname="lt.mikasdu.ValidatorTest" time="0"/>
  <testcase name="validatorExistingFileNotAsDirectory" classname="lt.mikasdu.ValidatorTest" time="0"/>
  <testcase name="validatorExistingDirectory" classname="lt.mikasdu.ValidatorTest" time="0"/>
  <testcase name="validatorStringValidMinMax" classname="lt.mikasdu.ValidatorTest" time="0"/>
  <testcase name="validatorNotExistingDirectory" classname="lt.mikasdu.ValidatorTest" time="0"/>
  <testcase name="validatorStringValidNull" classname="lt.mikasdu.ValidatorTest" time="0"/>
</testsuite>